<?xml version="1.0" encoding="UTF-8"?>
<!-- Generated by org.testng.reporters.JUnitReportReporter -->
<testsuite hostname="Umesh--QTC" failures="0" tests="1" name="com.Boyd.testCases.LoginDemo2" time="20.412" errors="0" timestamp="2024-02-19T12:42:30 IST" skipped="0">
  <testcase classname="com.Boyd.testCases.LoginDemo2" name="login" time="20.412"/>
</testsuite> <!-- com.Boyd.testCases.LoginDemo2 -->
