<?xml version="1.0" encoding="UTF-8"?>
<!-- Generated by org.testng.reporters.JUnitReportReporter -->
<testsuite hostname="Umesh--QTC" failures="0" tests="1" name="com.Boyd.testCases.SalesOrderCreation" time="174.337" errors="0" timestamp="2024-09-24T16:46:35 IST" skipped="0">
  <testcase classname="com.Boyd.testCases.SalesOrderCreation" name="salesOrderCreation" time="174.337"/>
  <system-out/>
</testsuite> <!-- com.Boyd.testCases.SalesOrderCreation -->
