<?xml version="1.0" encoding="UTF-8"?>
<!-- Generated by org.testng.reporters.JUnitReportReporter -->
<testsuite hostname="Umesh--QTC" failures="0" tests="1" name="com.Boyd.testCases.LoginDemo" time="24.403" errors="0" timestamp="2024-02-23T15:58:32 IST" skipped="0">
  <testcase classname="com.Boyd.testCases.LoginDemo" name="login" time="24.403"/>
</testsuite> <!-- com.Boyd.testCases.LoginDemo -->
