<?xml version="1.0" encoding="UTF-8"?>
<!-- Generated by org.testng.reporters.JUnitReportReporter -->
<testsuite hostname="Umesh--QTC" failures="0" tests="1" name="com.Boyd.testCases.SchedulingSalesOrder" time="43.318" errors="0" timestamp="2024-09-24T17:11:04 IST" skipped="0">
  <testcase classname="com.Boyd.testCases.SchedulingSalesOrder" name="schedulingSalesOrder" time="43.318"/>
  <system-out/>
</testsuite> <!-- com.Boyd.testCases.SchedulingSalesOrder -->
